Flow report for project
Fri Nov 26 17:29:11 2021
Quartus Prime Version 18.1.0 Build 625 09/12/2018 SJ Lite Edition


---------------------
; Table of Contents ;
---------------------
  1. Legal Notice
  2. Flow Summary
  3. Flow Settings
  4. Flow Non-Default Global Settings
  5. Flow Elapsed Time
  6. Flow OS Summary
  7. Flow Log
  8. Flow Messages
  9. Flow Suppressed Messages



----------------
; Legal Notice ;
----------------
Copyright (C) 2018  Intel Corporation. All rights reserved.
Your use of Intel Corporation's design tools, logic functions 
and other software and tools, and its AMPP partner logic 
functions, and any output files from any of the foregoing 
(including device programming or simulation files), and any 
associated documentation or information are expressly subject 
to the terms and conditions of the Intel Program License 
Subscription Agreement, the Intel Quartus Prime License Agreement,
the Intel FPGA IP License Agreement, or other applicable license
agreement, including, without limitation, that your use is for
the sole purpose of programming logic devices manufactured by
Intel and sold by Intel or its authorized distributors.  Please
refer to the applicable agreement for further details.



+----------------------------------------------------------------------------------+
; Flow Summary                                                                     ;
+------------------------------------+---------------------------------------------+
; Flow Status                        ; Successful - Fri Nov 26 17:29:11 2021       ;
; Quartus Prime Version              ; 18.1.0 Build 625 09/12/2018 SJ Lite Edition ;
; Revision Name                      ; project                                     ;
; Top-level Entity Name              ; crossy_robbers                              ;
; Family                             ; MAX 10                                      ;
; Device                             ; 10M50DAF484C7G                              ;
; Timing Models                      ; Final                                       ;
; Total logic elements               ; 15,022 / 49,760 ( 30 % )                    ;
;     Total combinational functions  ; 14,398 / 49,760 ( 29 % )                    ;
;     Dedicated logic registers      ; 2,407 / 49,760 ( 5 % )                      ;
; Total registers                    ; 2476                                        ;
; Total pins                         ; 141 / 360 ( 39 % )                          ;
; Total virtual pins                 ; 0                                           ;
; Total memory bits                  ; 11,264 / 1,677,312 ( < 1 % )                ;
; Embedded Multiplier 9-bit elements ; 0 / 288 ( 0 % )                             ;
; Total PLLs                         ; 1 / 4 ( 25 % )                              ;
; UFM blocks                         ; 0 / 1 ( 0 % )                               ;
; ADC blocks                         ; 0 / 2 ( 0 % )                               ;
+------------------------------------+---------------------------------------------+


+-----------------------------------------+
; Flow Settings                           ;
+-------------------+---------------------+
; Option            ; Setting             ;
+-------------------+---------------------+
; Start date & time ; 11/26/2021 17:24:19 ;
; Main task         ; Compilation         ;
; Revision Name     ; project             ;
+-------------------+---------------------+


+------------------------------------------------------------------------------------------------------------------------------------------------------------------+
; Flow Non-Default Global Settings                                                                                                                                 ;
+-------------------------------------+----------------------------------------------------------------------+---------------+--------------------+----------------+
; Assignment Name                     ; Value                                                                ; Default Value ; Entity Name        ; Section Id     ;
+-------------------------------------+----------------------------------------------------------------------+---------------+--------------------+----------------+
; COMPILER_SIGNATURE_ID               ; 141812764183009.163796905811920                                      ; --            ; --                 ; --             ;
; EDA_OUTPUT_DATA_FORMAT              ; Systemverilog Hdl                                                    ; --            ; --                 ; eda_simulation ;
; EDA_SIMULATION_TOOL                 ; ModelSim-Altera (SystemVerilog)                                      ; <None>        ; --                 ; --             ;
; EDA_TIME_SCALE                      ; 1 ps                                                                 ; --            ; --                 ; eda_simulation ;
; MAX_CORE_JUNCTION_TEMP              ; 85                                                                   ; --            ; --                 ; --             ;
; MIN_CORE_JUNCTION_TEMP              ; 0                                                                    ; --            ; --                 ; --             ;
; MISC_FILE                           ; crossy_robbers_soc/synthesis/../crossy_robbers_soc.cmp               ; --            ; --                 ; --             ;
; MISC_FILE                           ; crossy_robbers_soc/synthesis/../../crossy_robbers_soc.qsys           ; --            ; --                 ; --             ;
; OUTPUT_IO_TIMING_FAR_END_VMEAS      ; Half Signal Swing                                                    ; --            ; --                 ; --             ;
; OUTPUT_IO_TIMING_FAR_END_VMEAS      ; Half Signal Swing                                                    ; --            ; --                 ; --             ;
; OUTPUT_IO_TIMING_NEAR_END_VMEAS     ; Half Vccio                                                           ; --            ; --                 ; --             ;
; OUTPUT_IO_TIMING_NEAR_END_VMEAS     ; Half Vccio                                                           ; --            ; --                 ; --             ;
; PARTITION_COLOR                     ; -- (Not supported for targeted family)                               ; --            ; DE10_LITE_Default  ; Top            ;
; PARTITION_COLOR                     ; -- (Not supported for targeted family)                               ; --            ; crossy_robbers     ; Top            ;
; PARTITION_FITTER_PRESERVATION_LEVEL ; -- (Not supported for targeted family)                               ; --            ; DE10_LITE_Default  ; Top            ;
; PARTITION_FITTER_PRESERVATION_LEVEL ; -- (Not supported for targeted family)                               ; --            ; crossy_robbers     ; Top            ;
; PARTITION_NETLIST_TYPE              ; -- (Not supported for targeted family)                               ; --            ; DE10_LITE_Default  ; Top            ;
; PARTITION_NETLIST_TYPE              ; -- (Not supported for targeted family)                               ; --            ; crossy_robbers     ; Top            ;
; POWER_BOARD_THERMAL_MODEL           ; None (CONSERVATIVE)                                                  ; --            ; --                 ; --             ;
; POWER_PRESET_COOLING_SOLUTION       ; 23 MM HEAT SINK WITH 200 LFPM AIRFLOW                                ; --            ; --                 ; --             ;
; PROJECT_OUTPUT_DIRECTORY            ; output_files                                                         ; --            ; --                 ; --             ;
; SLD_FILE                            ; crossy_robbers_soc/synthesis/crossy_robbers_soc.regmap               ; --            ; --                 ; --             ;
; SLD_FILE                            ; crossy_robbers_soc/synthesis/crossy_robbers_soc.debuginfo            ; --            ; --                 ; --             ;
; SLD_INFO                            ; QSYS_NAME crossy_robbers_soc HAS_SOPCINFO 1 GENERATION_ID 1637113429 ; --            ; crossy_robbers_soc ; --             ;
; SOPCINFO_FILE                       ; crossy_robbers_soc/synthesis/../../crossy_robbers_soc.sopcinfo       ; --            ; --                 ; --             ;
; SYNTHESIS_ONLY_QIP                  ; On                                                                   ; --            ; --                 ; --             ;
; TOP_LEVEL_ENTITY                    ; crossy_robbers                                                       ; project       ; --                 ; --             ;
+-------------------------------------+----------------------------------------------------------------------+---------------+--------------------+----------------+


+--------------------------------------------------------------------------------------------------------------------------+
; Flow Elapsed Time                                                                                                        ;
+----------------------+--------------+-------------------------+---------------------+------------------------------------+
; Module Name          ; Elapsed Time ; Average Processors Used ; Peak Virtual Memory ; Total CPU Time (on all processors) ;
+----------------------+--------------+-------------------------+---------------------+------------------------------------+
; Analysis & Synthesis ; 00:02:44     ; 1.0                     ; 4997 MB             ; 00:03:02                           ;
; Fitter               ; 00:01:26     ; 1.7                     ; 6147 MB             ; 00:03:15                           ;
; Assembler            ; 00:00:06     ; 1.0                     ; 4725 MB             ; 00:00:05                           ;
; Timing Analyzer      ; 00:00:16     ; 2.9                     ; 5046 MB             ; 00:00:41                           ;
; EDA Netlist Writer   ; 00:00:07     ; 1.0                     ; 4867 MB             ; 00:00:07                           ;
; Total                ; 00:04:39     ; --                      ; --                  ; 00:07:10                           ;
+----------------------+--------------+-------------------------+---------------------+------------------------------------+


+------------------------------------------------------------------------------------+
; Flow OS Summary                                                                    ;
+----------------------+------------------+------------+------------+----------------+
; Module Name          ; Machine Hostname ; OS Name    ; OS Version ; Processor type ;
+----------------------+------------------+------------+------------+----------------+
; Analysis & Synthesis ; DESKTOP-9GT9KAN  ; Windows 10 ; 10.0       ; x86_64         ;
; Fitter               ; DESKTOP-9GT9KAN  ; Windows 10 ; 10.0       ; x86_64         ;
; Assembler            ; DESKTOP-9GT9KAN  ; Windows 10 ; 10.0       ; x86_64         ;
; Timing Analyzer      ; DESKTOP-9GT9KAN  ; Windows 10 ; 10.0       ; x86_64         ;
; EDA Netlist Writer   ; DESKTOP-9GT9KAN  ; Windows 10 ; 10.0       ; x86_64         ;
+----------------------+------------------+------------+------------+----------------+


------------
; Flow Log ;
------------
quartus_map --read_settings_files=on --write_settings_files=off project -c project
quartus_fit --read_settings_files=off --write_settings_files=off project -c project
quartus_asm --read_settings_files=off --write_settings_files=off project -c project
quartus_sta project -c project
quartus_eda --read_settings_files=off --write_settings_files=off project -c project



